[2015-04-01 17:29:46] local.ERROR: exception 'RuntimeException' with message 'Too many arguments.' in C:\wamp\www\pharma\vendor\symfony\console\Symfony\Component\Console\Input\ArgvInput.php:181
Stack trace:
#0 C:\wamp\www\pharma\vendor\symfony\console\Symfony\Component\Console\Input\ArgvInput.php(90): Symfony\Component\Console\Input\ArgvInput->parseArgument('reset')
#1 C:\wamp\www\pharma\vendor\symfony\console\Symfony\Component\Console\Input\Input.php(61): Symfony\Component\Console\Input\ArgvInput->parse()
#2 C:\wamp\www\pharma\vendor\symfony\console\Symfony\Component\Console\Command\Command.php(224): Symfony\Component\Console\Input\Input->bind(Object(Symfony\Component\Console\Input\InputDefinition))
#3 C:\wamp\www\pharma\vendor\laravel\framework\src\Illuminate\Console\Command.php(100): Symfony\Component\Console\Command\Command->run(Object(Symfony\Component\Console\Input\ArgvInput), Object(Symfony\Component\Console\Output\ConsoleOutput))
#4 C:\wamp\www\pharma\vendor\symfony\console\Symfony\Component\Console\Application.php(889): Illuminate\Console\Command->run(Object(Symfony\Component\Console\Input\ArgvInput), Object(Symfony\Component\Console\Output\ConsoleOutput))
#5 C:\wamp\www\pharma\vendor\symfony\console\Symfony\Component\Console\Application.php(193): Symfony\Component\Console\Application->doRunCommand(Object(Illuminate\Database\Console\Migrations\MigrateCommand), Object(Symfony\Component\Console\Input\ArgvInput), Object(Symfony\Component\Console\Output\ConsoleOutput))
#6 C:\wamp\www\pharma\vendor\symfony\console\Symfony\Component\Console\Application.php(124): Symfony\Component\Console\Application->doRun(Object(Symfony\Component\Console\Input\ArgvInput), Object(Symfony\Component\Console\Output\ConsoleOutput))
#7 C:\wamp\www\pharma\artisan(59): Symfony\Component\Console\Application->run()
#8 {main} [] []
[2015-04-01 17:30:34] local.ERROR: exception 'PDOException' with message 'SQLSTATE[HY000] [2002] Aucune connexion n’a pu être établie car l’ordinateur cible l’a expressément refusée.
' in C:\wamp\www\pharma\vendor\laravel\framework\src\Illuminate\Database\Connectors\Connector.php:47
Stack trace:
#0 C:\wamp\www\pharma\vendor\laravel\framework\src\Illuminate\Database\Connectors\Connector.php(47): PDO->__construct('mysql:host=loca...', 'root', '', Array)
#1 C:\wamp\www\pharma\vendor\laravel\framework\src\Illuminate\Database\Connectors\MySqlConnector.php(20): Illuminate\Database\Connectors\Connector->createConnection('mysql:host=loca...', Array, Array)
#2 C:\wamp\www\pharma\vendor\laravel\framework\src\Illuminate\Database\Connectors\ConnectionFactory.php(57): Illuminate\Database\Connectors\MySqlConnector->connect(Array)
#3 C:\wamp\www\pharma\vendor\laravel\framework\src\Illuminate\Database\Connectors\ConnectionFactory.php(46): Illuminate\Database\Connectors\ConnectionFactory->createSingleConnection(Array)
#4 C:\wamp\www\pharma\vendor\laravel\framework\src\Illuminate\Database\DatabaseManager.php(176): Illuminate\Database\Connectors\ConnectionFactory->make(Array, 'mysql')
#5 C:\wamp\www\pharma\vendor\laravel\framework\src\Illuminate\Database\DatabaseManager.php(64): Illuminate\Database\DatabaseManager->makeConnection('mysql')
#6 C:\wamp\www\pharma\vendor\laravel\framework\src\Illuminate\Database\Migrations\DatabaseMigrationRepository.php(167): Illuminate\Database\DatabaseManager->connection(NULL)
#7 C:\wamp\www\pharma\vendor\laravel\framework\src\Illuminate\Database\Migrations\DatabaseMigrationRepository.php(147): Illuminate\Database\Migrations\DatabaseMigrationRepository->getConnection()
#8 C:\wamp\www\pharma\vendor\laravel\framework\src\Illuminate\Database\Migrations\DatabaseMigrationRepository.php(58): Illuminate\Database\Migrations\DatabaseMigrationRepository->table()
#9 C:\wamp\www\pharma\vendor\laravel\framework\src\Illuminate\Database\Migrations\Migrator.php(158): Illuminate\Database\Migrations\DatabaseMigrationRepository->getLast()
#10 C:\wamp\www\pharma\vendor\laravel\framework\src\Illuminate\Database\Console\Migrations\ResetCommand.php(61): Illuminate\Database\Migrations\Migrator->rollback(false)
#11 C:\wamp\www\pharma\vendor\laravel\framework\src\Illuminate\Console\Command.php(112): Illuminate\Database\Console\Migrations\ResetCommand->fire()
#12 C:\wamp\www\pharma\vendor\symfony\console\Symfony\Component\Console\Command\Command.php(252): Illuminate\Console\Command->execute(Object(Symfony\Component\Console\Input\ArgvInput), Object(Symfony\Component\Console\Output\ConsoleOutput))
#13 C:\wamp\www\pharma\vendor\laravel\framework\src\Illuminate\Console\Command.php(100): Symfony\Component\Console\Command\Command->run(Object(Symfony\Component\Console\Input\ArgvInput), Object(Symfony\Component\Console\Output\ConsoleOutput))
#14 C:\wamp\www\pharma\vendor\symfony\console\Symfony\Component\Console\Application.php(889): Illuminate\Console\Command->run(Object(Symfony\Component\Console\Input\ArgvInput), Object(Symfony\Component\Console\Output\ConsoleOutput))
#15 C:\wamp\www\pharma\vendor\symfony\console\Symfony\Component\Console\Application.php(193): Symfony\Component\Console\Application->doRunCommand(Object(Illuminate\Database\Console\Migrations\ResetCommand), Object(Symfony\Component\Console\Input\ArgvInput), Object(Symfony\Component\Console\Output\ConsoleOutput))
#16 C:\wamp\www\pharma\vendor\symfony\console\Symfony\Component\Console\Application.php(124): Symfony\Component\Console\Application->doRun(Object(Symfony\Component\Console\Input\ArgvInput), Object(Symfony\Component\Console\Output\ConsoleOutput))
#17 C:\wamp\www\pharma\artisan(59): Symfony\Component\Console\Application->run()
#18 {main} [] []
[2015-04-01 17:31:36] local.ERROR: exception 'PDOException' with message 'SQLSTATE[42S02]: Base table or view not found: 1146 Table 'pharma.notes' doesn't exist' in C:\wamp\www\pharma\vendor\laravel\framework\src\Illuminate\Database\Connection.php:299
Stack trace:
#0 C:\wamp\www\pharma\vendor\laravel\framework\src\Illuminate\Database\Connection.php(299): PDO->prepare('SELECT Month(cr...')
#1 C:\wamp\www\pharma\vendor\laravel\framework\src\Illuminate\Database\Connection.php(617): Illuminate\Database\Connection->Illuminate\Database\{closure}(Object(Illuminate\Database\MySqlConnection), 'SELECT Month(cr...', Array)
#2 C:\wamp\www\pharma\vendor\laravel\framework\src\Illuminate\Database\Connection.php(581): Illuminate\Database\Connection->runQueryCallback('SELECT Month(cr...', Array, Object(Closure))
#3 C:\wamp\www\pharma\vendor\laravel\framework\src\Illuminate\Database\Connection.php(304): Illuminate\Database\Connection->run('SELECT Month(cr...', Array, Object(Closure))
#4 [internal function]: Illuminate\Database\Connection->select('SELECT Month(cr...', Array)
#5 C:\wamp\www\pharma\vendor\laravel\framework\src\Illuminate\Database\DatabaseManager.php(321): call_user_func_array(Array, Array)
#6 C:\wamp\www\pharma\vendor\laravel\framework\src\Illuminate\Support\Facades\Facade.php(211): Illuminate\Database\DatabaseManager->__call('select', Array)
#7 C:\wamp\www\pharma\vendor\laravel\framework\src\Illuminate\Support\Facades\Facade.php(211): Illuminate\Database\DatabaseManager->select('SELECT Month(cr...', Array)
#8 C:\wamp\www\pharma\app\controllers\HomeController.php(38): Illuminate\Support\Facades\Facade::__callStatic('select', Array)
#9 C:\wamp\www\pharma\app\controllers\HomeController.php(38): Illuminate\Support\Facades\DB::select('SELECT Month(cr...', Array)
#10 [internal function]: HomeController->stat('2015')
#11 C:\wamp\www\pharma\vendor\laravel\framework\src\Illuminate\Routing\Controller.php(231): call_user_func_array(Array, Array)
#12 C:\wamp\www\pharma\vendor\laravel\framework\src\Illuminate\Routing\ControllerDispatcher.php(93): Illuminate\Routing\Controller->callAction('stat', Array)
#13 C:\wamp\www\pharma\vendor\laravel\framework\src\Illuminate\Routing\ControllerDispatcher.php(62): Illuminate\Routing\ControllerDispatcher->call(Object(HomeController), Object(Illuminate\Routing\Route), 'stat')
#14 C:\wamp\www\pharma\vendor\laravel\framework\src\Illuminate\Routing\Router.php(962): Illuminate\Routing\ControllerDispatcher->dispatch(Object(Illuminate\Routing\Route), Object(Illuminate\Http\Request), 'HomeController', 'stat')
#15 [internal function]: Illuminate\Routing\Router->Illuminate\Routing\{closure}('2015')
#16 C:\wamp\www\pharma\vendor\laravel\framework\src\Illuminate\Routing\Route.php(109): call_user_func_array(Object(Closure), Array)
#17 C:\wamp\www\pharma\vendor\laravel\framework\src\Illuminate\Routing\Router.php(1028): Illuminate\Routing\Route->run(Object(Illuminate\Http\Request))
#18 C:\wamp\www\pharma\vendor\laravel\framework\src\Illuminate\Routing\Router.php(996): Illuminate\Routing\Router->dispatchToRoute(Object(Illuminate\Http\Request))
#19 C:\wamp\www\pharma\vendor\laravel\framework\src\Illuminate\Foundation\Application.php(775): Illuminate\Routing\Router->dispatch(Object(Illuminate\Http\Request))
#20 C:\wamp\www\pharma\vendor\laravel\framework\src\Illuminate\Foundation\Application.php(745): Illuminate\Foundation\Application->dispatch(Object(Illuminate\Http\Request))
#21 C:\wamp\www\pharma\vendor\laravel\framework\src\Illuminate\Session\Middleware.php(72): Illuminate\Foundation\Application->handle(Object(Illuminate\Http\Request), 1, true)
#22 C:\wamp\www\pharma\vendor\laravel\framework\src\Illuminate\Cookie\Queue.php(47): Illuminate\Session\Middleware->handle(Object(Illuminate\Http\Request), 1, true)
#23 C:\wamp\www\pharma\vendor\laravel\framework\src\Illuminate\Cookie\Guard.php(51): Illuminate\Cookie\Queue->handle(Object(Illuminate\Http\Request), 1, true)
#24 C:\wamp\www\pharma\vendor\stack\builder\src\Stack\StackedHttpKernel.php(23): Illuminate\Cookie\Guard->handle(Object(Illuminate\Http\Request), 1, true)
#25 C:\wamp\www\pharma\vendor\laravel\framework\src\Illuminate\Foundation\Application.php(641): Stack\StackedHttpKernel->handle(Object(Illuminate\Http\Request))
#26 C:\wamp\www\pharma\public\index.php(49): Illuminate\Foundation\Application->run()
#27 {main}

Next exception 'Illuminate\Database\QueryException' with message 'SQLSTATE[42S02]: Base table or view not found: 1146 Table 'pharma.notes' doesn't exist (SQL: SELECT Month(created_at) AS mois, sum(ttc) AS sommes FROM notes 
					WHERE Year(created_at) = 2015 GROUP BY Month(created_at))' in C:\wamp\www\pharma\vendor\laravel\framework\src\Illuminate\Database\Connection.php:625
Stack trace:
#0 C:\wamp\www\pharma\vendor\laravel\framework\src\Illuminate\Database\Connection.php(581): Illuminate\Database\Connection->runQueryCallback('SELECT Month(cr...', Array, Object(Closure))
#1 C:\wamp\www\pharma\vendor\laravel\framework\src\Illuminate\Database\Connection.php(304): Illuminate\Database\Connection->run('SELECT Month(cr...', Array, Object(Closure))
#2 [internal function]: Illuminate\Database\Connection->select('SELECT Month(cr...', Array)
#3 C:\wamp\www\pharma\vendor\laravel\framework\src\Illuminate\Database\DatabaseManager.php(321): call_user_func_array(Array, Array)
#4 C:\wamp\www\pharma\vendor\laravel\framework\src\Illuminate\Support\Facades\Facade.php(211): Illuminate\Database\DatabaseManager->__call('select', Array)
#5 C:\wamp\www\pharma\vendor\laravel\framework\src\Illuminate\Support\Facades\Facade.php(211): Illuminate\Database\DatabaseManager->select('SELECT Month(cr...', Array)
#6 C:\wamp\www\pharma\app\controllers\HomeController.php(38): Illuminate\Support\Facades\Facade::__callStatic('select', Array)
#7 C:\wamp\www\pharma\app\controllers\HomeController.php(38): Illuminate\Support\Facades\DB::select('SELECT Month(cr...', Array)
#8 [internal function]: HomeController->stat('2015')
#9 C:\wamp\www\pharma\vendor\laravel\framework\src\Illuminate\Routing\Controller.php(231): call_user_func_array(Array, Array)
#10 C:\wamp\www\pharma\vendor\laravel\framework\src\Illuminate\Routing\ControllerDispatcher.php(93): Illuminate\Routing\Controller->callAction('stat', Array)
#11 C:\wamp\www\pharma\vendor\laravel\framework\src\Illuminate\Routing\ControllerDispatcher.php(62): Illuminate\Routing\ControllerDispatcher->call(Object(HomeController), Object(Illuminate\Routing\Route), 'stat')
#12 C:\wamp\www\pharma\vendor\laravel\framework\src\Illuminate\Routing\Router.php(962): Illuminate\Routing\ControllerDispatcher->dispatch(Object(Illuminate\Routing\Route), Object(Illuminate\Http\Request), 'HomeController', 'stat')
#13 [internal function]: Illuminate\Routing\Router->Illuminate\Routing\{closure}('2015')
#14 C:\wamp\www\pharma\vendor\laravel\framework\src\Illuminate\Routing\Route.php(109): call_user_func_array(Object(Closure), Array)
#15 C:\wamp\www\pharma\vendor\laravel\framework\src\Illuminate\Routing\Router.php(1028): Illuminate\Routing\Route->run(Object(Illuminate\Http\Request))
#16 C:\wamp\www\pharma\vendor\laravel\framework\src\Illuminate\Routing\Router.php(996): Illuminate\Routing\Router->dispatchToRoute(Object(Illuminate\Http\Request))
#17 C:\wamp\www\pharma\vendor\laravel\framework\src\Illuminate\Foundation\Application.php(775): Illuminate\Routing\Router->dispatch(Object(Illuminate\Http\Request))
#18 C:\wamp\www\pharma\vendor\laravel\framework\src\Illuminate\Foundation\Application.php(745): Illuminate\Foundation\Application->dispatch(Object(Illuminate\Http\Request))
#19 C:\wamp\www\pharma\vendor\laravel\framework\src\Illuminate\Session\Middleware.php(72): Illuminate\Foundation\Application->handle(Object(Illuminate\Http\Request), 1, true)
#20 C:\wamp\www\pharma\vendor\laravel\framework\src\Illuminate\Cookie\Queue.php(47): Illuminate\Session\Middleware->handle(Object(Illuminate\Http\Request), 1, true)
#21 C:\wamp\www\pharma\vendor\laravel\framework\src\Illuminate\Cookie\Guard.php(51): Illuminate\Cookie\Queue->handle(Object(Illuminate\Http\Request), 1, true)
#22 C:\wamp\www\pharma\vendor\stack\builder\src\Stack\StackedHttpKernel.php(23): Illuminate\Cookie\Guard->handle(Object(Illuminate\Http\Request), 1, true)
#23 C:\wamp\www\pharma\vendor\laravel\framework\src\Illuminate\Foundation\Application.php(641): Stack\StackedHttpKernel->handle(Object(Illuminate\Http\Request))
#24 C:\wamp\www\pharma\public\index.php(49): Illuminate\Foundation\Application->run()
#25 {main} [] []
[2015-04-01 17:31:36] local.ERROR: exception 'PDOException' with message 'SQLSTATE[42S02]: Base table or view not found: 1146 Table 'pharma.medicaments' doesn't exist' in C:\wamp\www\pharma\vendor\laravel\framework\src\Illuminate\Database\Connection.php:299
Stack trace:
#0 C:\wamp\www\pharma\vendor\laravel\framework\src\Illuminate\Database\Connection.php(299): PDO->prepare('select * from `...')
#1 C:\wamp\www\pharma\vendor\laravel\framework\src\Illuminate\Database\Connection.php(617): Illuminate\Database\Connection->Illuminate\Database\{closure}(Object(Illuminate\Database\MySqlConnection), 'select * from `...', Array)
#2 C:\wamp\www\pharma\vendor\laravel\framework\src\Illuminate\Database\Connection.php(581): Illuminate\Database\Connection->runQueryCallback('select * from `...', Array, Object(Closure))
#3 C:\wamp\www\pharma\vendor\laravel\framework\src\Illuminate\Database\Connection.php(304): Illuminate\Database\Connection->run('select * from `...', Array, Object(Closure))
#4 C:\wamp\www\pharma\vendor\laravel\framework\src\Illuminate\Database\Query\Builder.php(1359): Illuminate\Database\Connection->select('select * from `...', Array)
#5 C:\wamp\www\pharma\vendor\laravel\framework\src\Illuminate\Database\Query\Builder.php(1349): Illuminate\Database\Query\Builder->runSelect()
#6 C:\wamp\www\pharma\vendor\laravel\framework\src\Illuminate\Database\Query\Builder.php(1336): Illuminate\Database\Query\Builder->getFresh(Array)
#7 C:\wamp\www\pharma\vendor\laravel\framework\src\Illuminate\Database\Eloquent\Builder.php(411): Illuminate\Database\Query\Builder->get(Array)
#8 C:\wamp\www\pharma\vendor\laravel\framework\src\Illuminate\Database\Eloquent\Builder.php(151): Illuminate\Database\Eloquent\Builder->getModels(Array)
#9 C:\wamp\www\pharma\vendor\laravel\framework\src\Illuminate\Database\Eloquent\Model.php(628): Illuminate\Database\Eloquent\Builder->get(Array)
#10 C:\wamp\www\pharma\app\controllers\HomeController.php(23): Illuminate\Database\Eloquent\Model::all()
#11 [internal function]: HomeController->test()
#12 C:\wamp\www\pharma\vendor\laravel\framework\src\Illuminate\Routing\Controller.php(231): call_user_func_array(Array, Array)
#13 C:\wamp\www\pharma\vendor\laravel\framework\src\Illuminate\Routing\ControllerDispatcher.php(93): Illuminate\Routing\Controller->callAction('test', Array)
#14 C:\wamp\www\pharma\vendor\laravel\framework\src\Illuminate\Routing\ControllerDispatcher.php(62): Illuminate\Routing\ControllerDispatcher->call(Object(HomeController), Object(Illuminate\Routing\Route), 'test')
#15 C:\wamp\www\pharma\vendor\laravel\framework\src\Illuminate\Routing\Router.php(962): Illuminate\Routing\ControllerDispatcher->dispatch(Object(Illuminate\Routing\Route), Object(Illuminate\Http\Request), 'HomeController', 'test')
#16 [internal function]: Illuminate\Routing\Router->Illuminate\Routing\{closure}()
#17 C:\wamp\www\pharma\vendor\laravel\framework\src\Illuminate\Routing\Route.php(109): call_user_func_array(Object(Closure), Array)
#18 C:\wamp\www\pharma\vendor\laravel\framework\src\Illuminate\Routing\Router.php(1028): Illuminate\Routing\Route->run(Object(Illuminate\Http\Request))
#19 C:\wamp\www\pharma\vendor\laravel\framework\src\Illuminate\Routing\Router.php(996): Illuminate\Routing\Router->dispatchToRoute(Object(Illuminate\Http\Request))
#20 C:\wamp\www\pharma\vendor\laravel\framework\src\Illuminate\Foundation\Application.php(775): Illuminate\Routing\Router->dispatch(Object(Illuminate\Http\Request))
#21 C:\wamp\www\pharma\vendor\laravel\framework\src\Illuminate\Foundation\Application.php(745): Illuminate\Foundation\Application->dispatch(Object(Illuminate\Http\Request))
#22 C:\wamp\www\pharma\vendor\laravel\framework\src\Illuminate\Session\Middleware.php(72): Illuminate\Foundation\Application->handle(Object(Illuminate\Http\Request), 1, true)
#23 C:\wamp\www\pharma\vendor\laravel\framework\src\Illuminate\Cookie\Queue.php(47): Illuminate\Session\Middleware->handle(Object(Illuminate\Http\Request), 1, true)
#24 C:\wamp\www\pharma\vendor\laravel\framework\src\Illuminate\Cookie\Guard.php(51): Illuminate\Cookie\Queue->handle(Object(Illuminate\Http\Request), 1, true)
#25 C:\wamp\www\pharma\vendor\stack\builder\src\Stack\StackedHttpKernel.php(23): Illuminate\Cookie\Guard->handle(Object(Illuminate\Http\Request), 1, true)
#26 C:\wamp\www\pharma\vendor\laravel\framework\src\Illuminate\Foundation\Application.php(641): Stack\StackedHttpKernel->handle(Object(Illuminate\Http\Request))
#27 C:\wamp\www\pharma\public\index.php(49): Illuminate\Foundation\Application->run()
#28 {main}

Next exception 'Illuminate\Database\QueryException' with message 'SQLSTATE[42S02]: Base table or view not found: 1146 Table 'pharma.medicaments' doesn't exist (SQL: select * from `medicaments`)' in C:\wamp\www\pharma\vendor\laravel\framework\src\Illuminate\Database\Connection.php:625
Stack trace:
#0 C:\wamp\www\pharma\vendor\laravel\framework\src\Illuminate\Database\Connection.php(581): Illuminate\Database\Connection->runQueryCallback('select * from `...', Array, Object(Closure))
#1 C:\wamp\www\pharma\vendor\laravel\framework\src\Illuminate\Database\Connection.php(304): Illuminate\Database\Connection->run('select * from `...', Array, Object(Closure))
#2 C:\wamp\www\pharma\vendor\laravel\framework\src\Illuminate\Database\Query\Builder.php(1359): Illuminate\Database\Connection->select('select * from `...', Array)
#3 C:\wamp\www\pharma\vendor\laravel\framework\src\Illuminate\Database\Query\Builder.php(1349): Illuminate\Database\Query\Builder->runSelect()
#4 C:\wamp\www\pharma\vendor\laravel\framework\src\Illuminate\Database\Query\Builder.php(1336): Illuminate\Database\Query\Builder->getFresh(Array)
#5 C:\wamp\www\pharma\vendor\laravel\framework\src\Illuminate\Database\Eloquent\Builder.php(411): Illuminate\Database\Query\Builder->get(Array)
#6 C:\wamp\www\pharma\vendor\laravel\framework\src\Illuminate\Database\Eloquent\Builder.php(151): Illuminate\Database\Eloquent\Builder->getModels(Array)
#7 C:\wamp\www\pharma\vendor\laravel\framework\src\Illuminate\Database\Eloquent\Model.php(628): Illuminate\Database\Eloquent\Builder->get(Array)
#8 C:\wamp\www\pharma\app\controllers\HomeController.php(23): Illuminate\Database\Eloquent\Model::all()
#9 [internal function]: HomeController->test()
#10 C:\wamp\www\pharma\vendor\laravel\framework\src\Illuminate\Routing\Controller.php(231): call_user_func_array(Array, Array)
#11 C:\wamp\www\pharma\vendor\laravel\framework\src\Illuminate\Routing\ControllerDispatcher.php(93): Illuminate\Routing\Controller->callAction('test', Array)
#12 C:\wamp\www\pharma\vendor\laravel\framework\src\Illuminate\Routing\ControllerDispatcher.php(62): Illuminate\Routing\ControllerDispatcher->call(Object(HomeController), Object(Illuminate\Routing\Route), 'test')
#13 C:\wamp\www\pharma\vendor\laravel\framework\src\Illuminate\Routing\Router.php(962): Illuminate\Routing\ControllerDispatcher->dispatch(Object(Illuminate\Routing\Route), Object(Illuminate\Http\Request), 'HomeController', 'test')
#14 [internal function]: Illuminate\Routing\Router->Illuminate\Routing\{closure}()
#15 C:\wamp\www\pharma\vendor\laravel\framework\src\Illuminate\Routing\Route.php(109): call_user_func_array(Object(Closure), Array)
#16 C:\wamp\www\pharma\vendor\laravel\framework\src\Illuminate\Routing\Router.php(1028): Illuminate\Routing\Route->run(Object(Illuminate\Http\Request))
#17 C:\wamp\www\pharma\vendor\laravel\framework\src\Illuminate\Routing\Router.php(996): Illuminate\Routing\Router->dispatchToRoute(Object(Illuminate\Http\Request))
#18 C:\wamp\www\pharma\vendor\laravel\framework\src\Illuminate\Foundation\Application.php(775): Illuminate\Routing\Router->dispatch(Object(Illuminate\Http\Request))
#19 C:\wamp\www\pharma\vendor\laravel\framework\src\Illuminate\Foundation\Application.php(745): Illuminate\Foundation\Application->dispatch(Object(Illuminate\Http\Request))
#20 C:\wamp\www\pharma\vendor\laravel\framework\src\Illuminate\Session\Middleware.php(72): Illuminate\Foundation\Application->handle(Object(Illuminate\Http\Request), 1, true)
#21 C:\wamp\www\pharma\vendor\laravel\framework\src\Illuminate\Cookie\Queue.php(47): Illuminate\Session\Middleware->handle(Object(Illuminate\Http\Request), 1, true)
#22 C:\wamp\www\pharma\vendor\laravel\framework\src\Illuminate\Cookie\Guard.php(51): Illuminate\Cookie\Queue->handle(Object(Illuminate\Http\Request), 1, true)
#23 C:\wamp\www\pharma\vendor\stack\builder\src\Stack\StackedHttpKernel.php(23): Illuminate\Cookie\Guard->handle(Object(Illuminate\Http\Request), 1, true)
#24 C:\wamp\www\pharma\vendor\laravel\framework\src\Illuminate\Foundation\Application.php(641): Stack\StackedHttpKernel->handle(Object(Illuminate\Http\Request))
#25 C:\wamp\www\pharma\public\index.php(49): Illuminate\Foundation\Application->run()
#26 {main} [] []
[2015-04-01 17:31:38] local.ERROR: exception 'PDOException' with message 'SQLSTATE[42S02]: Base table or view not found: 1146 Table 'pharma.familles' doesn't exist' in C:\wamp\www\pharma\vendor\laravel\framework\src\Illuminate\Database\Connection.php:299
Stack trace:
#0 C:\wamp\www\pharma\vendor\laravel\framework\src\Illuminate\Database\Connection.php(299): PDO->prepare('select * from `...')
#1 C:\wamp\www\pharma\vendor\laravel\framework\src\Illuminate\Database\Connection.php(617): Illuminate\Database\Connection->Illuminate\Database\{closure}(Object(Illuminate\Database\MySqlConnection), 'select * from `...', Array)
#2 C:\wamp\www\pharma\vendor\laravel\framework\src\Illuminate\Database\Connection.php(581): Illuminate\Database\Connection->runQueryCallback('select * from `...', Array, Object(Closure))
#3 C:\wamp\www\pharma\vendor\laravel\framework\src\Illuminate\Database\Connection.php(304): Illuminate\Database\Connection->run('select * from `...', Array, Object(Closure))
#4 C:\wamp\www\pharma\vendor\laravel\framework\src\Illuminate\Database\Query\Builder.php(1359): Illuminate\Database\Connection->select('select * from `...', Array)
#5 C:\wamp\www\pharma\vendor\laravel\framework\src\Illuminate\Database\Query\Builder.php(1349): Illuminate\Database\Query\Builder->runSelect()
#6 C:\wamp\www\pharma\vendor\laravel\framework\src\Illuminate\Database\Query\Builder.php(1336): Illuminate\Database\Query\Builder->getFresh(Array)
#7 C:\wamp\www\pharma\vendor\laravel\framework\src\Illuminate\Database\Eloquent\Builder.php(411): Illuminate\Database\Query\Builder->get(Array)
#8 C:\wamp\www\pharma\vendor\laravel\framework\src\Illuminate\Database\Eloquent\Builder.php(151): Illuminate\Database\Eloquent\Builder->getModels(Array)
#9 C:\wamp\www\pharma\vendor\laravel\framework\src\Illuminate\Database\Eloquent\Model.php(628): Illuminate\Database\Eloquent\Builder->get(Array)
#10 C:\wamp\www\pharma\app\controllers\HomeController.php(52): Illuminate\Database\Eloquent\Model::all()
#11 [internal function]: HomeController->showFamilles()
#12 C:\wamp\www\pharma\vendor\laravel\framework\src\Illuminate\Routing\Controller.php(231): call_user_func_array(Array, Array)
#13 C:\wamp\www\pharma\vendor\laravel\framework\src\Illuminate\Routing\ControllerDispatcher.php(93): Illuminate\Routing\Controller->callAction('showFamilles', Array)
#14 C:\wamp\www\pharma\vendor\laravel\framework\src\Illuminate\Routing\ControllerDispatcher.php(62): Illuminate\Routing\ControllerDispatcher->call(Object(HomeController), Object(Illuminate\Routing\Route), 'showFamilles')
#15 C:\wamp\www\pharma\vendor\laravel\framework\src\Illuminate\Routing\Router.php(962): Illuminate\Routing\ControllerDispatcher->dispatch(Object(Illuminate\Routing\Route), Object(Illuminate\Http\Request), 'HomeController', 'showFamilles')
#16 [internal function]: Illuminate\Routing\Router->Illuminate\Routing\{closure}()
#17 C:\wamp\www\pharma\vendor\laravel\framework\src\Illuminate\Routing\Route.php(109): call_user_func_array(Object(Closure), Array)
#18 C:\wamp\www\pharma\vendor\laravel\framework\src\Illuminate\Routing\Router.php(1028): Illuminate\Routing\Route->run(Object(Illuminate\Http\Request))
#19 C:\wamp\www\pharma\vendor\laravel\framework\src\Illuminate\Routing\Router.php(996): Illuminate\Routing\Router->dispatchToRoute(Object(Illuminate\Http\Request))
#20 C:\wamp\www\pharma\vendor\laravel\framework\src\Illuminate\Foundation\Application.php(775): Illuminate\Routing\Router->dispatch(Object(Illuminate\Http\Request))
#21 C:\wamp\www\pharma\vendor\laravel\framework\src\Illuminate\Foundation\Application.php(745): Illuminate\Foundation\Application->dispatch(Object(Illuminate\Http\Request))
#22 C:\wamp\www\pharma\vendor\laravel\framework\src\Illuminate\Session\Middleware.php(72): Illuminate\Foundation\Application->handle(Object(Illuminate\Http\Request), 1, true)
#23 C:\wamp\www\pharma\vendor\laravel\framework\src\Illuminate\Cookie\Queue.php(47): Illuminate\Session\Middleware->handle(Object(Illuminate\Http\Request), 1, true)
#24 C:\wamp\www\pharma\vendor\laravel\framework\src\Illuminate\Cookie\Guard.php(51): Illuminate\Cookie\Queue->handle(Object(Illuminate\Http\Request), 1, true)
#25 C:\wamp\www\pharma\vendor\stack\builder\src\Stack\StackedHttpKernel.php(23): Illuminate\Cookie\Guard->handle(Object(Illuminate\Http\Request), 1, true)
#26 C:\wamp\www\pharma\vendor\laravel\framework\src\Illuminate\Foundation\Application.php(641): Stack\StackedHttpKernel->handle(Object(Illuminate\Http\Request))
#27 C:\wamp\www\pharma\public\index.php(49): Illuminate\Foundation\Application->run()
#28 {main}

Next exception 'Illuminate\Database\QueryException' with message 'SQLSTATE[42S02]: Base table or view not found: 1146 Table 'pharma.familles' doesn't exist (SQL: select * from `familles`)' in C:\wamp\www\pharma\vendor\laravel\framework\src\Illuminate\Database\Connection.php:625
Stack trace:
#0 C:\wamp\www\pharma\vendor\laravel\framework\src\Illuminate\Database\Connection.php(581): Illuminate\Database\Connection->runQueryCallback('select * from `...', Array, Object(Closure))
#1 C:\wamp\www\pharma\vendor\laravel\framework\src\Illuminate\Database\Connection.php(304): Illuminate\Database\Connection->run('select * from `...', Array, Object(Closure))
#2 C:\wamp\www\pharma\vendor\laravel\framework\src\Illuminate\Database\Query\Builder.php(1359): Illuminate\Database\Connection->select('select * from `...', Array)
#3 C:\wamp\www\pharma\vendor\laravel\framework\src\Illuminate\Database\Query\Builder.php(1349): Illuminate\Database\Query\Builder->runSelect()
#4 C:\wamp\www\pharma\vendor\laravel\framework\src\Illuminate\Database\Query\Builder.php(1336): Illuminate\Database\Query\Builder->getFresh(Array)
#5 C:\wamp\www\pharma\vendor\laravel\framework\src\Illuminate\Database\Eloquent\Builder.php(411): Illuminate\Database\Query\Builder->get(Array)
#6 C:\wamp\www\pharma\vendor\laravel\framework\src\Illuminate\Database\Eloquent\Builder.php(151): Illuminate\Database\Eloquent\Builder->getModels(Array)
#7 C:\wamp\www\pharma\vendor\laravel\framework\src\Illuminate\Database\Eloquent\Model.php(628): Illuminate\Database\Eloquent\Builder->get(Array)
#8 C:\wamp\www\pharma\app\controllers\HomeController.php(52): Illuminate\Database\Eloquent\Model::all()
#9 [internal function]: HomeController->showFamilles()
#10 C:\wamp\www\pharma\vendor\laravel\framework\src\Illuminate\Routing\Controller.php(231): call_user_func_array(Array, Array)
#11 C:\wamp\www\pharma\vendor\laravel\framework\src\Illuminate\Routing\ControllerDispatcher.php(93): Illuminate\Routing\Controller->callAction('showFamilles', Array)
#12 C:\wamp\www\pharma\vendor\laravel\framework\src\Illuminate\Routing\ControllerDispatcher.php(62): Illuminate\Routing\ControllerDispatcher->call(Object(HomeController), Object(Illuminate\Routing\Route), 'showFamilles')
#13 C:\wamp\www\pharma\vendor\laravel\framework\src\Illuminate\Routing\Router.php(962): Illuminate\Routing\ControllerDispatcher->dispatch(Object(Illuminate\Routing\Route), Object(Illuminate\Http\Request), 'HomeController', 'showFamilles')
#14 [internal function]: Illuminate\Routing\Router->Illuminate\Routing\{closure}()
#15 C:\wamp\www\pharma\vendor\laravel\framework\src\Illuminate\Routing\Route.php(109): call_user_func_array(Object(Closure), Array)
#16 C:\wamp\www\pharma\vendor\laravel\framework\src\Illuminate\Routing\Router.php(1028): Illuminate\Routing\Route->run(Object(Illuminate\Http\Request))
#17 C:\wamp\www\pharma\vendor\laravel\framework\src\Illuminate\Routing\Router.php(996): Illuminate\Routing\Router->dispatchToRoute(Object(Illuminate\Http\Request))
#18 C:\wamp\www\pharma\vendor\laravel\framework\src\Illuminate\Foundation\Application.php(775): Illuminate\Routing\Router->dispatch(Object(Illuminate\Http\Request))
#19 C:\wamp\www\pharma\vendor\laravel\framework\src\Illuminate\Foundation\Application.php(745): Illuminate\Foundation\Application->dispatch(Object(Illuminate\Http\Request))
#20 C:\wamp\www\pharma\vendor\laravel\framework\src\Illuminate\Session\Middleware.php(72): Illuminate\Foundation\Application->handle(Object(Illuminate\Http\Request), 1, true)
#21 C:\wamp\www\pharma\vendor\laravel\framework\src\Illuminate\Cookie\Queue.php(47): Illuminate\Session\Middleware->handle(Object(Illuminate\Http\Request), 1, true)
#22 C:\wamp\www\pharma\vendor\laravel\framework\src\Illuminate\Cookie\Guard.php(51): Illuminate\Cookie\Queue->handle(Object(Illuminate\Http\Request), 1, true)
#23 C:\wamp\www\pharma\vendor\stack\builder\src\Stack\StackedHttpKernel.php(23): Illuminate\Cookie\Guard->handle(Object(Illuminate\Http\Request), 1, true)
#24 C:\wamp\www\pharma\vendor\laravel\framework\src\Illuminate\Foundation\Application.php(641): Stack\StackedHttpKernel->handle(Object(Illuminate\Http\Request))
#25 C:\wamp\www\pharma\public\index.php(49): Illuminate\Foundation\Application->run()
#26 {main} [] []
[2015-11-15 08:52:15] production.ERROR: exception 'PDOException' with message 'SQLSTATE[HY000] [1045] Access denied for user 'root'@'localhost' (using password: YES)' in C:\wamp\www\pharma\vendor\laravel\framework\src\Illuminate\Database\Connectors\Connector.php:47
Stack trace:
#0 C:\wamp\www\pharma\vendor\laravel\framework\src\Illuminate\Database\Connectors\Connector.php(47): PDO->__construct('mysql:host=loca...', 'root', 'saifz520', Array)
#1 C:\wamp\www\pharma\vendor\laravel\framework\src\Illuminate\Database\Connectors\MySqlConnector.php(20): Illuminate\Database\Connectors\Connector->createConnection('mysql:host=loca...', Array, Array)
#2 C:\wamp\www\pharma\vendor\laravel\framework\src\Illuminate\Database\Connectors\ConnectionFactory.php(57): Illuminate\Database\Connectors\MySqlConnector->connect(Array)
#3 C:\wamp\www\pharma\vendor\laravel\framework\src\Illuminate\Database\Connectors\ConnectionFactory.php(46): Illuminate\Database\Connectors\ConnectionFactory->createSingleConnection(Array)
#4 C:\wamp\www\pharma\vendor\laravel\framework\src\Illuminate\Database\DatabaseManager.php(176): Illuminate\Database\Connectors\ConnectionFactory->make(Array, 'mysql')
#5 C:\wamp\www\pharma\vendor\laravel\framework\src\Illuminate\Database\DatabaseManager.php(64): Illuminate\Database\DatabaseManager->makeConnection('mysql')
#6 C:\wamp\www\pharma\vendor\laravel\framework\src\Illuminate\Database\DatabaseManager.php(321): Illuminate\Database\DatabaseManager->connection()
#7 C:\wamp\www\pharma\vendor\laravel\framework\src\Illuminate\Support\Facades\Facade.php(211): Illuminate\Database\DatabaseManager->__call('select', Array)
#8 C:\wamp\www\pharma\vendor\laravel\framework\src\Illuminate\Support\Facades\Facade.php(211): Illuminate\Database\DatabaseManager->select('SELECT Month(cr...', Array)
#9 C:\wamp\www\pharma\app\controllers\HomeController.php(67): Illuminate\Support\Facades\Facade::__callStatic('select', Array)
#10 C:\wamp\www\pharma\app\controllers\HomeController.php(67): Illuminate\Support\Facades\DB::select('SELECT Month(cr...', Array)
#11 [internal function]: HomeController->stat('2015')
#12 C:\wamp\www\pharma\vendor\laravel\framework\src\Illuminate\Routing\Controller.php(231): call_user_func_array(Array, Array)
#13 C:\wamp\www\pharma\vendor\laravel\framework\src\Illuminate\Routing\ControllerDispatcher.php(93): Illuminate\Routing\Controller->callAction('stat', Array)
#14 C:\wamp\www\pharma\vendor\laravel\framework\src\Illuminate\Routing\ControllerDispatcher.php(62): Illuminate\Routing\ControllerDispatcher->call(Object(HomeController), Object(Illuminate\Routing\Route), 'stat')
#15 C:\wamp\www\pharma\vendor\laravel\framework\src\Illuminate\Routing\Router.php(962): Illuminate\Routing\ControllerDispatcher->dispatch(Object(Illuminate\Routing\Route), Object(Illuminate\Http\Request), 'HomeController', 'stat')
#16 [internal function]: Illuminate\Routing\Router->Illuminate\Routing\{closure}('2015')
#17 C:\wamp\www\pharma\vendor\laravel\framework\src\Illuminate\Routing\Route.php(109): call_user_func_array(Object(Closure), Array)
#18 C:\wamp\www\pharma\vendor\laravel\framework\src\Illuminate\Routing\Router.php(1028): Illuminate\Routing\Route->run(Object(Illuminate\Http\Request))
#19 C:\wamp\www\pharma\vendor\laravel\framework\src\Illuminate\Routing\Router.php(996): Illuminate\Routing\Router->dispatchToRoute(Object(Illuminate\Http\Request))
#20 C:\wamp\www\pharma\vendor\laravel\framework\src\Illuminate\Foundation\Application.php(775): Illuminate\Routing\Router->dispatch(Object(Illuminate\Http\Request))
#21 C:\wamp\www\pharma\vendor\laravel\framework\src\Illuminate\Foundation\Application.php(745): Illuminate\Foundation\Application->dispatch(Object(Illuminate\Http\Request))
#22 C:\wamp\www\pharma\vendor\laravel\framework\src\Illuminate\Session\Middleware.php(72): Illuminate\Foundation\Application->handle(Object(Illuminate\Http\Request), 1, true)
#23 C:\wamp\www\pharma\vendor\laravel\framework\src\Illuminate\Cookie\Queue.php(47): Illuminate\Session\Middleware->handle(Object(Illuminate\Http\Request), 1, true)
#24 C:\wamp\www\pharma\vendor\laravel\framework\src\Illuminate\Cookie\Guard.php(51): Illuminate\Cookie\Queue->handle(Object(Illuminate\Http\Request), 1, true)
#25 C:\wamp\www\pharma\vendor\stack\builder\src\Stack\StackedHttpKernel.php(23): Illuminate\Cookie\Guard->handle(Object(Illuminate\Http\Request), 1, true)
#26 C:\wamp\www\pharma\vendor\laravel\framework\src\Illuminate\Foundation\Application.php(641): Stack\StackedHttpKernel->handle(Object(Illuminate\Http\Request))
#27 C:\wamp\www\pharma\public\index.php(49): Illuminate\Foundation\Application->run()
#28 {main} [] []
te\Http\Request))
#28 C:\wamp\www\pharma\public\index.php(49): Illuminate\Foundation\Application->run()
#29 {main} [] []
[2015-11-15 08:52:36] production.ERROR: exception 'PDOException' with message 'SQLSTATE[HY000] [1045] Access denied for user 'root'@'localhost' (using password: YES)' in C:\wamp\www\pharma\vendor\laravel\framework\src\Illuminate\Database\Connectors\Connector.php:47
Stack trace:
#0 C:\wamp\www\pharma\vendor\laravel\framework\src\Illuminate\Database\Connectors\Connector.php(47): PDO->__construct('mysql:host=loca...', 'root', 'saifz520', Array)
#1 C:\wamp\www\pharma\vendor\laravel\framework\src\Illuminate\Database\Connectors\MySqlConnector.php(20): Illuminate\Database\Connectors\Connector->createConnection('mysql:host=loca...', Array, Array)
#2 C:\wamp\www\pharma\vendor\laravel\framework\src\Illuminate\Database\Connectors\ConnectionFactory.php(57): Illuminate\Database\Connectors\MySqlConnector->connect(Array)
#3 C:\wamp\www\pharma\vendor\laravel\framework\src\Illuminate\Database\Connectors\ConnectionFactory.php(46): Illuminate\Database\Connectors\ConnectionFactory->createSingleConnection(Array)
#4 C:\wamp\www\pharma\vendor\laravel\framework\src\Illuminate\Database\DatabaseManager.php(176): Illuminate\Database\Connectors\ConnectionFactory->make(Array, 'mysql')
#5 C:\wamp\www\pharma\vendor\laravel\framework\src\Illuminate\Database\DatabaseManager.php(64): Illuminate\Database\DatabaseManager->makeConnection('mysql')
#6 C:\wamp\www\pharma\vendor\laravel\framework\src\Illuminate\Database\Eloquent\Model.php(2896): Illuminate\Database\DatabaseManager->connection(NULL)
#7 C:\wamp\www\pharma\vendor\laravel\framework\src\Illuminate\Database\Eloquent\Model.php(2862): Illuminate\Database\Eloquent\Model::resolveConnection(NULL)
#8 C:\wamp\www\pharma\vendor\laravel\framework\src\Illuminate\Database\Eloquent\Model.php(1834): Illuminate\Database\Eloquent\Model->getConnection()
#9 C:\wamp\www\pharma\vendor\laravel\framework\src\Illuminate\Database\Eloquent\Model.php(1750): Illuminate\Database\Eloquent\Model->newBaseQueryBuilder()
#10 C:\wamp\www\pharma\vendor\laravel\framework\src\Illuminate\Database\Eloquent\Model.php(628): Illuminate\Database\Eloquent\Model->newQuery()
#11 C:\wamp\www\pharma\app\controllers\MedicamentController.php(8): Illuminate\Database\Eloquent\Model::all()
#12 [internal function]: MedicamentController->ajouter()
#13 C:\wamp\www\pharma\vendor\laravel\framework\src\Illuminate\Routing\Controller.php(231): call_user_func_array(Array, Array)
#14 C:\wamp\www\pharma\vendor\laravel\framework\src\Illuminate\Routing\ControllerDispatcher.php(93): Illuminate\Routing\Controller->callAction('ajouter', Array)
#15 C:\wamp\www\pharma\vendor\laravel\framework\src\Illuminate\Routing\ControllerDispatcher.php(62): Illuminate\Routing\ControllerDispatcher->call(Object(MedicamentController), Object(Illuminate\Routing\Route), 'ajouter')
#16 C:\wamp\www\pharma\vendor\laravel\framework\src\Illuminate\Routing\Router.php(962): Illuminate\Routing\ControllerDispatcher->dispatch(Object(Illuminate\Routing\Route), Object(Illuminate\Http\Request), 'MedicamentContr...', 'ajouter')
#17 [internal function]: Illuminate\Routing\Router->Illuminate\Routing\{closure}()
#18 C:\wamp\www\pharma\vendor\laravel\framework\src\Illuminate\Routing\Route.php(109): call_user_func_array(Object(Closure), Array)
#19 C:\wamp\www\pharma\vendor\laravel\framework\src\Illuminate\Routing\Router.php(1028): Illuminate\Routing\Route->run(Object(Illuminate\Http\Request))
#20 C:\wamp\www\pharma\vendor\laravel\framework\src\Illuminate\Routing\Router.php(996): Illuminate\Routing\Router->dispatchToRoute(Object(Illuminate\Http\Request))
#21 C:\wamp\www\pharma\vendor\laravel\framework\src\Illuminate\Foundation\Application.php(775): Illuminate\Routing\Router->dispatch(Object(Illuminate\Http\Request))
#22 C:\wamp\www\pharma\vendor\laravel\framework\src\Illuminate\Foundation\Application.php(745): Illuminate\Foundation\Application->dispatch(Object(Illuminate\Http\Request))
#23 C:\wamp\www\pharma\vendor\laravel\framework\src\Illuminate\Session\Middleware.php(72): Illuminate\Foundation\Application->handle(Object(Illuminate\Http\Request), 1, true)
#24 C:\wamp\www\pharma\vendor\laravel\framework\src\Illuminate\Cookie\Queue.php(47): Illuminate\Session\Middleware->handle(Object(Illuminate\Http\Request), 1, true)
#25 C:\wamp\www\pharma\vendor\laravel\framework\src\Illuminate\Cookie\Guard.php(51): Illuminate\Cookie\Queue->handle(Object(Illuminate\Http\Request), 1, true)
#26 C:\wamp\www\pharma\vendor\stack\builder\src\Stack\StackedHttpKernel.php(23): Illuminate\Cookie\Guard->handle(Object(Illuminate\Http\Request), 1, true)
#27 C:\wamp\www\pharma\vendor\laravel\framework\src\Illuminate\Foundation\Application.php(641): Stack\StackedHttpKernel->handle(Object(Illuminate\Http\Request))
#28 C:\wamp\www\pharma\public\index.php(49): Illuminate\Foundation\Application->run()
#29 {main} [] []
[2015-11-15 08:52:41] production.ERROR: exception 'PDOException' with message 'SQLSTATE[HY000] [1045] Access denied for user 'root'@'localhost' (using password: YES)' in C:\wamp\www\pharma\vendor\laravel\framework\src\Illuminate\Database\Connectors\Connector.php:47
Stack trace:
#0 C:\wamp\www\pharma\vendor\laravel\framework\src\Illuminate\Database\Connectors\Connector.php(47): PDO->__construct('mysql:host=loca...', 'root', 'saifz520', Array)
#1 C:\wamp\www\pharma\vendor\laravel\framework\src\Illuminate\Database\Connectors\MySqlConnector.php(20): Illuminate\Database\Connectors\Connector->createConnection('mysql:host=loca...', Array, Array)
#2 C:\wamp\www\pharma\vendor\laravel\framework\src\Illuminate\Database\Connectors\ConnectionFactory.php(57): Illuminate\Database\Connectors\MySqlConnector->connect(Array)
#3 C:\wamp\www\pharma\vendor\laravel\framework\src\Illuminate\Database\Connectors\ConnectionFactory.php(46): Illuminate\Database\Connectors\ConnectionFactory->createSingleConnection(Array)
#4 C:\wamp\www\pharma\vendor\laravel\framework\src\Illuminate\Database\DatabaseManager.php(176): Illuminate\Database\Connectors\ConnectionFactory->make(Array, 'mysql')
#5 C:\wamp\www\pharma\vendor\laravel\framework\src\Illuminate\Database\DatabaseManager.php(64): Illuminate\Database\DatabaseManager->makeConnection('mysql')
#6 C:\wamp\www\pharma\vendor\laravel\framework\src\Illuminate\Database\Eloquent\Model.php(2896): Illuminate\Database\DatabaseManager->connection(NULL)
#7 C:\wamp\www\pharma\vendor\laravel\framework\src\Illuminate\Database\Eloquent\Model.php(2862): Illuminate\Database\Eloquent\Model::resolveConnection(NULL)
#8 C:\wamp\www\pharma\vendor\laravel\framework\src\Illuminate\Database\Eloquent\Model.php(1834): Illuminate\Database\Eloquent\Model->getConnection()
#9 C:\wamp\www\pharma\vendor\laravel\framework\src\Illuminate\Database\Eloquent\Model.php(1750): Illuminate\Database\Eloquent\Model->newBaseQueryBuilder()
#10 C:\wamp\www\pharma\vendor\laravel\framework\src\Illuminate\Database\Eloquent\Model.php(628): Illuminate\Database\Eloquent\Model->newQuery()
#11 C:\wamp\www\pharma\app\controllers\NoteController.php(8): Illuminate\Database\Eloquent\Model::all()
#12 [internal function]: NoteController->ajouter()
#13 C:\wamp\www\pharma\vendor\laravel\framework\src\Illuminate\Routing\Controller.php(231): call_user_func_array(Array, Array)
#14 C:\wamp\www\pharma\vendor\laravel\framework\src\Illuminate\Routing\ControllerDispatcher.php(93): Illuminate\Routing\Controller->callAction('ajouter', Array)
#15 C:\wamp\www\pharma\vendor\laravel\framework\src\Illuminate\Routing\ControllerDispatcher.php(62): Illuminate\Routing\ControllerDispatcher->call(Object(NoteController), Object(Illuminate\Routing\Route), 'ajouter')
#16 C:\wamp\www\pharma\vendor\laravel\framework\src\Illuminate\Routing\Router.php(962): Illuminate\Routing\ControllerDispatcher->dispatch(Object(Illuminate\Routing\Route), Object(Illuminate\Http\Request), 'NoteController', 'ajouter')
#17 [internal function]: Illuminate\Routing\Router->Illuminate\Routing\{closure}()
#18 C:\wamp\www\pharma\vendor\laravel\framework\src\Illuminate\Routing\Route.php(109): call_user_func_array(Object(Closure), Array)
#19 C:\wamp\www\pharma\vendor\laravel\framework\src\Illuminate\Routing\Router.php(1028): Illuminate\Routing\Route->run(Object(Illuminate\Http\Request))
#20 C:\wamp\www\pharma\vendor\laravel\framework\src\Illuminate\Routing\Router.php(996): Illuminate\Routing\Router->dispatchToRoute(Object(Illuminate\Http\Request))
#21 C:\wamp\www\pharma\vendor\laravel\framework\src\Illuminate\Foundation\Application.php(775): Illuminate\Routing\Router->dispatch(Object(Illuminate\Http\Request))
#22 C:\wamp\www\pharma\vendor\laravel\framework\src\Illuminate\Foundation\Application.php(745): Illuminate\Foundation\Application->dispatch(Object(Illuminate\Http\Request))
#23 C:\wamp\www\pharma\vendor\laravel\framework\src\Illuminate\Session\Middleware.php(72): Illuminate\Foundation\Application->handle(Object(Illuminate\Http\Request), 1, true)
#24 C:\wamp\www\pharma\vendor\laravel\framework\src\Illuminate\Cookie\Queue.php(47): Illuminate\Session\Middleware->handle(Object(Illuminate\Http\Request), 1, true)
#25 C:\wamp\www\pharma\vendor\laravel\framework\src\Illuminate\Cookie\Guard.php(51): Illuminate\Cookie\Queue->handle(Object(Illuminate\Http\Request), 1, true)
#26 C:\wamp\www\pharma\vendor\stack\builder\src\Stack\StackedHttpKernel.php(23): Illuminate\Cookie\Guard->handle(Object(Illuminate\Http\Request), 1, true)
#27 C:\wamp\www\pharma\vendor\laravel\framework\src\Illuminate\Foundation\Application.php(641): Stack\StackedHttpKernel->handle(Object(Illuminate\Http\Request))
#28 C:\wamp\www\pharma\public\index.php(49): Illuminate\Foundation\Application->run()
#29 {main} [] []
[2015-11-15 08:52:43] production.ERROR: exception 'PDOException' with message 'SQLSTATE[HY000] [1045] Access denied for user 'root'@'localhost' (using password: YES)' in C:\wamp\www\pharma\vendor\laravel\framework\src\Illuminate\Database\Connectors\Connector.php:47
Stack trace:
#0 C:\wamp\www\pharma\vendor\laravel\framework\src\Illuminate\Database\Connectors\Connector.php(47): PDO->__construct('mysql:host=loca...', 'root', 'saifz520', Array)
#1 C:\wamp\www\pharma\vendor\laravel\framework\src\Illuminate\Database\Connectors\MySqlConnector.php(20): Illuminate\Database\Connectors\Connector->createConnection('mysql:host=loca...', Array, Array)
#2 C:\wamp\www\pharma\vendor\laravel\framework\src\Illuminate\Database\Connectors\ConnectionFactory.php(57): Illuminate\Database\Connectors\MySqlConnector->connect(Array)
#3 C:\wamp\www\pharma\vendor\laravel\framework\src\Illuminate\Database\Connectors\ConnectionFactory.php(46): Illuminate\Database\Connectors\ConnectionFactory->createSingleConnection(Array)
#4 C:\wamp\www\pharma\vendor\laravel\framework\src\Illuminate\Database\DatabaseManager.php(176): Illuminate\Database\Connectors\ConnectionFactory->make(Array, 'mysql')
#5 C:\wamp\www\pharma\vendor\laravel\framework\src\Illuminate\Database\DatabaseManager.php(64): Illuminate\Database\DatabaseManager->makeConnection('mysql')
#6 C:\wamp\www\pharma\vendor\laravel\framework\src\Illuminate\Database\Eloquent\Model.php(2896): Illuminate\Database\DatabaseManager->connection(NULL)
#7 C:\wamp\www\pharma\vendor\laravel\framework\src\Illuminate\Database\Eloquent\Model.php(2862): Illuminate\Database\Eloquent\Model::resolveConnection(NULL)
#8 C:\wamp\www\pharma\vendor\laravel\framework\src\Illuminate\Database\Eloquent\Model.php(1834): Illuminate\Database\Eloquent\Model->getConnection()
#9 C:\wamp\www\pharma\vendor\laravel\framework\src\Illuminate\Database\Eloquent\Model.php(1750): Illuminate\Database\Eloquent\Model->newBaseQueryBuilder()
#10 C:\wamp\www\pharma\vendor\laravel\framework\src\Illuminate\Database\Eloquent\Model.php(628): Illuminate\Database\Eloquent\Model->newQuery()
#11 C:\wamp\www\pharma\app\controllers\CommandeController.php(8): Illuminate\Database\Eloquent\Model::all()
#12 [internal function]: CommandeController->ajouter()
#13 C:\wamp\www\pharma\vendor\laravel\framework\src\Illuminate\Routing\Controller.php(231): call_user_func_array(Array, Array)
#14 C:\wamp\www\pharma\vendor\laravel\framework\src\Illuminate\Routing\ControllerDispatcher.php(93): Illuminate\Routing\Controller->callAction('ajouter', Array)
#15 C:\wamp\www\pharma\vendor\laravel\framework\src\Illuminate\Routing\ControllerDispatcher.php(62): Illuminate\Routing\ControllerDispatcher->call(Object(CommandeController), Object(Illuminate\Routing\Route), 'ajouter')
#16 C:\wamp\www\pharma\vendor\laravel\framework\src\Illuminate\Routing\Router.php(962): Illuminate\Routing\ControllerDispatcher->dispatch(Object(Illuminate\Routing\Route), Object(Illuminate\Http\Request), 'CommandeControl...', 'ajouter')
#17 [internal function]: Illuminate\Routing\Router->Illuminate\Routing\{closure}()
#18 C:\wamp\www\pharma\vendor\laravel\framework\src\Illuminate\Routing\Route.php(109): call_user_func_array(Object(Closure), Array)
#19 C:\wamp\www\pharma\vendor\laravel\framework\src\Illuminate\Routing\Router.php(1028): Illuminate\Routing\Route->run(Object(Illuminate\Http\Request))
#20 C:\wamp\www\pharma\vendor\laravel\framework\src\Illuminate\Routing\Router.php(996): Illuminate\Routing\Router->dispatchToRoute(Object(Illuminate\Http\Request))
#21 C:\wamp\www\pharma\vendor\laravel\framework\src\Illuminate\Foundation\Application.php(775): Illuminate\Routing\Router->dispatch(Object(Illuminate\Http\Request))
#22 C:\wamp\www\pharma\vendor\laravel\framework\src\Illuminate\Foundation\Application.php(745): Illuminate\Foundation\Application->dispatch(Object(Illuminate\Http\Request))
#23 C:\wamp\www\pharma\vendor\laravel\framework\src\Illuminate\Session\Middleware.php(72): Illuminate\Foundation\Application->handle(Object(Illuminate\Http\Request), 1, true)
#24 C:\wamp\www\pharma\vendor\laravel\framework\src\Illuminate\Cookie\Queue.php(47): Illuminate\Session\Middleware->handle(Object(Illuminate\Http\Request), 1, true)
#25 C:\wamp\www\pharma\vendor\laravel\framework\src\Illuminate\Cookie\Guard.php(51): Illuminate\Cookie\Queue->handle(Object(Illuminate\Http\Request), 1, true)
#26 C:\wamp\www\pharma\vendor\stack\builder\src\Stack\StackedHttpKernel.php(23): Illuminate\Cookie\Guard->handle(Object(Illuminate\Http\Request), 1, true)
#27 C:\wamp\www\pharma\vendor\laravel\framework\src\Illuminate\Foundation\Application.php(641): Stack\StackedHttpKernel->handle(Object(Illuminate\Http\Request))
#28 C:\wamp\www\pharma\public\index.php(49): Illuminate\Foundation\Application->run()
#29 {main} [] []
[2015-11-15 08:52:51] production.ERROR: exception 'PDOException' with message 'SQLSTATE[HY000] [1045] Access denied for user 'root'@'localhost' (using password: YES)' in C:\wamp\www\pharma\vendor\laravel\framework\src\Illuminate\Database\Connectors\Connector.php:47
Stack trace:
#0 C:\wamp\www\pharma\vendor\laravel\framework\src\Illuminate\Database\Connectors\Connector.php(47): PDO->__construct('mysql:host=loca...', 'root', 'saifz520', Array)
#1 C:\wamp\www\pharma\vendor\laravel\framework\src\Illuminate\Database\Connectors\MySqlConnector.php(20): Illuminate\Database\Connectors\Connector->createConnection('mysql:host=loca...', Array, Array)
#2 C:\wamp\www\pharma\vendor\laravel\framework\src\Illuminate\Database\Connectors\ConnectionFactory.php(57): Illuminate\Database\Connectors\MySqlConnector->connect(Array)
#3 C:\wamp\www\pharma\vendor\laravel\framework\src\Illuminate\Database\Connectors\ConnectionFactory.php(46): Illuminate\Database\Connectors\ConnectionFactory->createSingleConnection(Array)
#4 C:\wamp\www\pharma\vendor\laravel\framework\src\Illuminate\Database\DatabaseManager.php(176): Illuminate\Database\Connectors\ConnectionFactory->make(Array, 'mysql')
#5 C:\wamp\www\pharma\vendor\laravel\framework\src\Illuminate\Database\DatabaseManager.php(64): Illuminate\Database\DatabaseManager->makeConnection('mysql')
#6 C:\wamp\www\pharma\vendor\laravel\framework\src\Illuminate\Database\DatabaseManager.php(321): Illuminate\Database\DatabaseManager->connection()
#7 C:\wamp\www\pharma\vendor\laravel\framework\src\Illuminate\Support\Facades\Facade.php(211): Illuminate\Database\DatabaseManager->__call('select', Array)
#8 C:\wamp\www\pharma\vendor\laravel\framework\src\Illuminate\Support\Facades\Facade.php(211): Illuminate\Database\DatabaseManager->select('SELECT Month(cr...', Array)
#9 C:\wamp\www\pharma\app\controllers\HomeController.php(67): Illuminate\Support\Facades\Facade::__callStatic('select', Array)
#10 C:\wamp\www\pharma\app\controllers\HomeController.php(67): Illuminate\Support\Facades\DB::select('SELECT Month(cr...', Array)
#11 [internal function]: HomeController->stat('2015')
#12 C:\wamp\www\pharma\vendor\laravel\framework\src\Illuminate\Routing\Controller.php(231): call_user_func_array(Array, Array)
#13 C:\wamp\www\pharma\vendor\laravel\framework\src\Illuminate\Routing\ControllerDispatcher.php(93): Illuminate\Routing\Controller->callAction('stat', Array)
#14 C:\wamp\www\pharma\vendor\laravel\framework\src\Illuminate\Routing\ControllerDispatcher.php(62): Illuminate\Routing\ControllerDispatcher->call(Object(HomeController), Object(Illuminate\Routing\Route), 'stat')
#15 C:\wamp\www\pharma\vendor\laravel\framework\src\Illuminate\Routing\Router.php(962): Illuminate\Routing\ControllerDispatcher->dispatch(Object(Illuminate\Routing\Route), Object(Illuminate\Http\Request), 'HomeController', 'stat')
#16 [internal function]: Illuminate\Routing\Router->Illuminate\Routing\{closure}('2015')
#17 C:\wamp\www\pharma\vendor\laravel\framework\src\Illuminate\Routing\Route.php(109): call_user_func_array(Object(Closure), Array)
#18 C:\wamp\www\pharma\vendor\laravel\framework\src\Illuminate\Routing\Router.php(1028): Illuminate\Routing\Route->run(Object(Illuminate\Http\Request))
#19 C:\wamp\www\pharma\vendor\laravel\framework\src\Illuminate\Routing\Router.php(996): Illuminate\Routing\Router->dispatchToRoute(Object(Illuminate\Http\Request))
#20 C:\wamp\www\pharma\vendor\laravel\framework\src\Illuminate\Foundation\Application.php(775): Illuminate\Routing\Router->dispatch(Object(Illuminate\Http\Request))
#21 C:\wamp\www\pharma\vendor\laravel\framework\src\Illuminate\Foundation\Application.php(745): Illuminate\Foundation\Application->dispatch(Object(Illuminate\Http\Request))
#22 C:\wamp\www\pharma\vendor\laravel\framework\src\Illuminate\Session\Middleware.php(72): Illuminate\Foundation\Application->handle(Object(Illuminate\Http\Request), 1, true)
#23 C:\wamp\www\pharma\vendor\laravel\framework\src\Illuminate\Cookie\Queue.php(47): Illuminate\Session\Middleware->handle(Object(Illuminate\Http\Request), 1, true)
#24 C:\wamp\www\pharma\vendor\laravel\framework\src\Illuminate\Cookie\Guard.php(51): Illuminate\Cookie\Queue->handle(Object(Illuminate\Http\Request), 1, true)
#25 C:\wamp\www\pharma\vendor\stack\builder\src\Stack\StackedHttpKernel.php(23): Illuminate\Cookie\Guard->handle(Object(Illuminate\Http\Request), 1, true)
#26 C:\wamp\www\pharma\vendor\laravel\framework\src\Illuminate\Foundation\Application.php(641): Stack\StackedHttpKernel->handle(Object(Illuminate\Http\Request))
#27 C:\wamp\www\pharma\public\index.php(49): Illuminate\Foundation\Application->run()
#28 {main} [] []
[2015-11-15 08:52:51] production.ERROR: exception 'PDOException' with message 'SQLSTATE[HY000] [1045] Access denied for user 'root'@'localhost' (using password: YES)' in C:\wamp\www\pharma\vendor\laravel\framework\src\Illuminate\Database\Connectors\Connector.php:47
Stack trace:
#0 C:\wamp\www\pharma\vendor\laravel\framework\src\Illuminate\Database\Connectors\Connector.php(47): PDO->__construct('mysql:host=loca...', 'root', 'saifz520', Array)
#1 C:\wamp\www\pharma\vendor\laravel\framework\src\Illuminate\Database\Connectors\MySqlConnector.php(20): Illuminate\Database\Connectors\Connector->createConnection('mysql:host=loca...', Array, Array)
#2 C:\wamp\www\pharma\vendor\laravel\framework\src\Illuminate\Database\Connectors\ConnectionFactory.php(57): Illuminate\Database\Connectors\MySqlConnector->connect(Array)
#3 C:\wamp\www\pharma\vendor\laravel\framework\src\Illuminate\Database\Connectors\ConnectionFactory.php(46): Illuminate\Database\Connectors\ConnectionFactory->createSingleConnection(Array)
#4 C:\wamp\www\pharma\vendor\laravel\framework\src\Illuminate\Database\DatabaseManager.php(176): Illuminate\Database\Connectors\ConnectionFactory->make(Array, 'mysql')
#5 C:\wamp\www\pharma\vendor\laravel\framework\src\Illuminate\Database\DatabaseManager.php(64): Illuminate\Database\DatabaseManager->makeConnection('mysql')
#6 C:\wamp\www\pharma\vendor\laravel\framework\src\Illuminate\Database\Eloquent\Model.php(2896): Illuminate\Database\DatabaseManager->connection(NULL)
#7 C:\wamp\www\pharma\vendor\laravel\framework\src\Illuminate\Database\Eloquent\Model.php(2862): Illuminate\Database\Eloquent\Model::resolveConnection(NULL)
#8 C:\wamp\www\pharma\vendor\laravel\framework\src\Illuminate\Database\Eloquent\Model.php(1834): Illuminate\Database\Eloquent\Model->getConnection()
#9 C:\wamp\www\pharma\vendor\laravel\framework\src\Illuminate\Database\Eloquent\Model.php(1750): Illuminate\Database\Eloquent\Model->newBaseQueryBuilder()
#10 C:\wamp\www\pharma\vendor\laravel\framework\src\Illuminate\Database\Eloquent\Model.php(628): Illuminate\Database\Eloquent\Model->newQuery()
#11 C:\wamp\www\pharma\app\controllers\HomeController.php(52): Illuminate\Database\Eloquent\Model::all()
#12 [internal function]: HomeController->test()
#13 C:\wamp\www\pharma\vendor\laravel\framework\src\Illuminate\Routing\Controller.php(231): call_user_func_array(Array, Array)
#14 C:\wamp\www\pharma\vendor\laravel\framework\src\Illuminate\Routing\ControllerDispatcher.php(93): Illuminate\Routing\Controller->callAction('test', Array)
#15 C:\wamp\www\pharma\vendor\laravel\framework\src\Illuminate\Routing\ControllerDispatcher.php(62): Illuminate\Routing\ControllerDispatcher->call(Object(HomeController), Object(Illuminate\Routing\Route), 'test')
#16 C:\wamp\www\pharma\vendor\laravel\framework\src\Illuminate\Routing\Router.php(962): Illuminate\Routing\ControllerDispatcher->dispatch(Object(Illuminate\Routing\Route), Object(Illuminate\Http\Request), 'HomeController', 'test')
#17 [internal function]: Illuminate\Routing\Router->Illuminate\Routing\{closure}()
#18 C:\wamp\www\pharma\vendor\laravel\framework\src\Illuminate\Routing\Route.php(109): call_user_func_array(Object(Closure), Array)
#19 C:\wamp\www\pharma\vendor\laravel\framework\src\Illuminate\Routing\Router.php(1028): Illuminate\Routing\Route->run(Object(Illuminate\Http\Request))
#20 C:\wamp\www\pharma\vendor\laravel\framework\src\Illuminate\Routing\Router.php(996): Illuminate\Routing\Router->dispatchToRoute(Object(Illuminate\Http\Request))
#21 C:\wamp\www\pharma\vendor\laravel\framework\src\Illuminate\Foundation\Application.php(775): Illuminate\Routing\Router->dispatch(Object(Illuminate\Http\Request))
#22 C:\wamp\www\pharma\vendor\laravel\framework\src\Illuminate\Foundation\Application.php(745): Illuminate\Foundation\Application->dispatch(Object(Illuminate\Http\Request))
#23 C:\wamp\www\pharma\vendor\laravel\framework\src\Illuminate\Session\Middleware.php(72): Illuminate\Foundation\Application->handle(Object(Illuminate\Http\Request), 1, true)
#24 C:\wamp\www\pharma\vendor\laravel\framework\src\Illuminate\Cookie\Queue.php(47): Illuminate\Session\Middleware->handle(Object(Illuminate\Http\Request), 1, true)
#25 C:\wamp\www\pharma\vendor\laravel\framework\src\Illuminate\Cookie\Guard.php(51): Illuminate\Cookie\Queue->handle(Object(Illuminate\Http\Request), 1, true)
#26 C:\wamp\www\pharma\vendor\stack\builder\src\Stack\StackedHttpKernel.php(23): Illuminate\Cookie\Guard->handle(Object(Illuminate\Http\Request), 1, true)
#27 C:\wamp\www\pharma\vendor\laravel\framework\src\Illuminate\Foundation\Application.php(641): Stack\StackedHttpKernel->handle(Object(Illuminate\Http\Request))
#28 C:\wamp\www\pharma\public\index.php(49): Illuminate\Foundation\Application->run()
#29 {main} [] []
[2015-11-15 08:52:53] production.ERROR: exception 'PDOException' with message 'SQLSTATE[HY000] [1045] Access denied for user 'root'@'localhost' (using password: YES)' in C:\wamp\www\pharma\vendor\laravel\framework\src\Illuminate\Database\Connectors\Connector.php:47
Stack trace:
#0 C:\wamp\www\pharma\vendor\laravel\framework\src\Illuminate\Database\Connectors\Connector.php(47): PDO->__construct('mysql:host=loca...', 'root', 'saifz520', Array)
#1 C:\wamp\www\pharma\vendor\laravel\framework\src\Illuminate\Database\Connectors\MySqlConnector.php(20): Illuminate\Database\Connectors\Connector->createConnection('mysql:host=loca...', Array, Array)
#2 C:\wamp\www\pharma\vendor\laravel\framework\src\Illuminate\Database\Connectors\ConnectionFactory.php(57): Illuminate\Database\Connectors\MySqlConnector->connect(Array)
#3 C:\wamp\www\pharma\vendor\laravel\framework\src\Illuminate\Database\Connectors\ConnectionFactory.php(46): Illuminate\Database\Connectors\ConnectionFactory->createSingleConnection(Array)
#4 C:\wamp\www\pharma\vendor\laravel\framework\src\Illuminate\Database\DatabaseManager.php(176): Illuminate\Database\Connectors\ConnectionFactory->make(Array, 'mysql')
#5 C:\wamp\www\pharma\vendor\laravel\framework\src\Illuminate\Database\DatabaseManager.php(64): Illuminate\Database\DatabaseManager->makeConnection('mysql')
#6 C:\wamp\www\pharma\vendor\laravel\framework\src\Illuminate\Database\Eloquent\Model.php(2896): Illuminate\Database\DatabaseManager->connection(NULL)
#7 C:\wamp\www\pharma\vendor\laravel\framework\src\Illuminate\Database\Eloquent\Model.php(2862): Illuminate\Database\Eloquent\Model::resolveConnection(NULL)
#8 C:\wamp\www\pharma\vendor\laravel\framework\src\Illuminate\Database\Eloquent\Model.php(1834): Illuminate\Database\Eloquent\Model->getConnection()
#9 C:\wamp\www\pharma\vendor\laravel\framework\src\Illuminate\Database\Eloquent\Model.php(1750): Illuminate\Database\Eloquent\Model->newBaseQueryBuilder()
#10 C:\wamp\www\pharma\vendor\laravel\framework\src\Illuminate\Database\Eloquent\Model.php(628): Illuminate\Database\Eloquent\Model->newQuery()
#11 C:\wamp\www\pharma\app\controllers\HomeController.php(23): Illuminate\Database\Eloquent\Model::all()
#12 [internal function]: HomeController->showMedicaments()
#13 C:\wamp\www\pharma\vendor\laravel\framework\src\Illuminate\Routing\Controller.php(231): call_user_func_array(Array, Array)
#14 C:\wamp\www\pharma\vendor\laravel\framework\src\Illuminate\Routing\ControllerDispatcher.php(93): Illuminate\Routing\Controller->callAction('showMedicaments', Array)
#15 C:\wamp\www\pharma\vendor\laravel\framework\src\Illuminate\Routing\ControllerDispatcher.php(62): Illuminate\Routing\ControllerDispatcher->call(Object(HomeController), Object(Illuminate\Routing\Route), 'showMedicaments')
#16 C:\wamp\www\pharma\vendor\laravel\framework\src\Illuminate\Routing\Router.php(962): Illuminate\Routing\ControllerDispatcher->dispatch(Object(Illuminate\Routing\Route), Object(Illuminate\Http\Request), 'HomeController', 'showMedicaments')
#17 [internal function]: Illuminate\Routing\Router->Illuminate\Routing\{closure}()
#18 C:\wamp\www\pharma\vendor\laravel\framework\src\Illuminate\Routing\Route.php(109): call_user_func_array(Object(Closure), Array)
#19 C:\wamp\www\pharma\vendor\laravel\framework\src\Illuminate\Routing\Router.php(1028): Illuminate\Routing\Route->run(Object(Illuminate\Http\Request))
#20 C:\wamp\www\pharma\vendor\laravel\framework\src\Illuminate\Routing\Router.php(996): Illuminate\Routing\Router->dispatchToRoute(Object(Illuminate\Http\Request))
#21 C:\wamp\www\pharma\vendor\laravel\framework\src\Illuminate\Foundation\Application.php(775): Illuminate\Routing\Router->dispatch(Object(Illuminate\Http\Request))
#22 C:\wamp\www\pharma\vendor\laravel\framework\src\Illuminate\Foundation\Application.php(745): Illuminate\Foundation\Application->dispatch(Object(Illuminate\Http\Request))
#23 C:\wamp\www\pharma\vendor\laravel\framework\src\Illuminate\Session\Middleware.php(72): Illuminate\Foundation\Application->handle(Object(Illuminate\Http\Request), 1, true)
#24 C:\wamp\www\pharma\vendor\laravel\framework\src\Illuminate\Cookie\Queue.php(47): Illuminate\Session\Middleware->handle(Object(Illuminate\Http\Request), 1, true)
#25 C:\wamp\www\pharma\vendor\laravel\framework\src\Illuminate\Cookie\Guard.php(51): Illuminate\Cookie\Queue->handle(Object(Illuminate\Http\Request), 1, true)
#26 C:\wamp\www\pharma\vendor\stack\builder\src\Stack\StackedHttpKernel.php(23): Illuminate\Cookie\Guard->handle(Object(Illuminate\Http\Request), 1, true)
#27 C:\wamp\www\pharma\vendor\laravel\framework\src\Illuminate\Foundation\Application.php(641): Stack\StackedHttpKernel->handle(Object(Illuminate\Http\Request))
#28 C:\wamp\www\pharma\public\index.php(49): Illuminate\Foundation\Application->run()
#29 {main} [] []
[2015-11-15 10:11:14] production.ERROR: exception 'PDOException' with message 'SQLSTATE[HY000] [1045] Access denied for user 'root'@'localhost' (using password: YES)' in C:\wamp\www\pharma\vendor\laravel\framework\src\Illuminate\Database\Connectors\Connector.php:47
Stack trace:
#0 C:\wamp\www\pharma\vendor\laravel\framework\src\Illuminate\Database\Connectors\Connector.php(47): PDO->__construct('mysql:host=loca...', 'root', 'saifz520', Array)
#1 C:\wamp\www\pharma\vendor\laravel\framework\src\Illuminate\Database\Connectors\MySqlConnector.php(20): Illuminate\Database\Connectors\Connector->createConnection('mysql:host=loca...', Array, Array)
#2 C:\wamp\www\pharma\vendor\laravel\framework\src\Illuminate\Database\Connectors\ConnectionFactory.php(57): Illuminate\Database\Connectors\MySqlConnector->connect(Array)
#3 C:\wamp\www\pharma\vendor\laravel\framework\src\Illuminate\Database\Connectors\ConnectionFactory.php(46): Illuminate\Database\Connectors\ConnectionFactory->createSingleConnection(Array)
#4 C:\wamp\www\pharma\vendor\laravel\framework\src\Illuminate\Database\DatabaseManager.php(176): Illuminate\Database\Connectors\ConnectionFactory->make(Array, 'mysql')
#5 C:\wamp\www\pharma\vendor\laravel\framework\src\Illuminate\Database\DatabaseManager.php(64): Illuminate\Database\DatabaseManager->makeConnection('mysql')
#6 C:\wamp\www\pharma\vendor\laravel\framework\src\Illuminate\Database\Eloquent\Model.php(2896): Illuminate\Database\DatabaseManager->connection(NULL)
#7 C:\wamp\www\pharma\vendor\laravel\framework\src\Illuminate\Database\Eloquent\Model.php(2862): Illuminate\Database\Eloquent\Model::resolveConnection(NULL)
#8 C:\wamp\www\pharma\vendor\laravel\framework\src\Illuminate\Database\Eloquent\Model.php(1834): Illuminate\Database\Eloquent\Model->getConnection()
#9 C:\wamp\www\pharma\vendor\laravel\framework\src\Illuminate\Database\Eloquent\Model.php(1750): Illuminate\Database\Eloquent\Model->newBaseQueryBuilder()
#10 C:\wamp\www\pharma\vendor\laravel\framework\src\Illuminate\Database\Eloquent\Model.php(628): Illuminate\Database\Eloquent\Model->newQuery()
#11 C:\wamp\www\pharma\app\controllers\HomeController.php(52): Illuminate\Database\Eloquent\Model::all()
#12 [internal function]: HomeController->test()
#13 C:\wamp\www\pharma\vendor\laravel\framework\src\Illuminate\Routing\Controller.php(231): call_user_func_array(Array, Array)
#14 C:\wamp\www\pharma\vendor\laravel\framework\src\Illuminate\Routing\ControllerDispatcher.php(93): Illuminate\Routing\Controller->callAction('test', Array)
#15 C:\wamp\www\pharma\vendor\laravel\framework\src\Illuminate\Routing\ControllerDispatcher.php(62): Illuminate\Routing\ControllerDispatcher->call(Object(HomeController), Object(Illuminate\Routing\Route), 'test')
#16 C:\wamp\www\pharma\vendor\laravel\framework\src\Illuminate\Routing\Router.php(962): Illuminate\Routing\ControllerDispatcher->dispatch(Object(Illuminate\Routing\Route), Object(Illuminate\Http\Request), 'HomeController', 'test')
#17 [internal function]: Illuminate\Routing\Router->Illuminate\Routing\{closure}()
#18 C:\wamp\www\pharma\vendor\laravel\framework\src\Illuminate\Routing\Route.php(109): call_user_func_array(Object(Closure), Array)
#19 C:\wamp\www\pharma\vendor\laravel\framework\src\Illuminate\Routing\Router.php(1028): Illuminate\Routing\Route->run(Object(Illuminate\Http\Request))
#20 C:\wamp\www\pharma\vendor\laravel\framework\src\Illuminate\Routing\Router.php(996): Illuminate\Routing\Router->dispatchToRoute(Object(Illuminate\Http\Request))
#21 C:\wamp\www\pharma\vendor\laravel\framework\src\Illuminate\Foundation\Application.php(775): Illuminate\Routing\Router->dispatch(Object(Illuminate\Http\Request))
#22 C:\wamp\www\pharma\vendor\laravel\framework\src\Illuminate\Foundation\Application.php(745): Illuminate\Foundation\Application->dispatch(Object(Illuminate\Http\Request))
#23 C:\wamp\www\pharma\vendor\laravel\framework\src\Illuminate\Session\Middleware.php(72): Illuminate\Foundation\Application->handle(Object(Illuminate\Http\Request), 1, true)
#24 C:\wamp\www\pharma\vendor\laravel\framework\src\Illuminate\Cookie\Queue.php(47): Illuminate\Session\Middleware->handle(Object(Illuminate\Http\Request), 1, true)
#25 C:\wamp\www\pharma\vendor\laravel\framework\src\Illuminate\Cookie\Guard.php(51): Illuminate\Cookie\Queue->handle(Object(Illuminate\Http\Request), 1, true)
#26 C:\wamp\www\pharma\vendor\stack\builder\src\Stack\StackedHttpKernel.php(23): Illuminate\Cookie\Guard->handle(Object(Illuminate\Http\Request), 1, true)
#27 C:\wamp\www\pharma\vendor\laravel\framework\src\Illuminate\Foundation\Application.php(641): Stack\StackedHttpKernel->handle(Object(Illuminate\Http\Request))
#28 C:\wamp\www\pharma\public\index.php(49): Illuminate\Foundation\Application->run()
#29 {main} [] []
[2015-11-15 10:11:15] production.ERROR: exception 'PDOException' with message 'SQLSTATE[HY000] [1045] Access denied for user 'root'@'localhost' (using password: YES)' in C:\wamp\www\pharma\vendor\laravel\framework\src\Illuminate\Database\Connectors\Connector.php:47
Stack trace:
#0 C:\wamp\www\pharma\vendor\laravel\framework\src\Illuminate\Database\Connectors\Connector.php(47): PDO->__construct('mysql:host=loca...', 'root', 'saifz520', Array)
#1 C:\wamp\www\pharma\vendor\laravel\framework\src\Illuminate\Database\Connectors\MySqlConnector.php(20): Illuminate\Database\Connectors\Connector->createConnection('mysql:host=loca...', Array, Array)
#2 C:\wamp\www\pharma\vendor\laravel\framework\src\Illuminate\Database\Connectors\ConnectionFactory.php(57): Illuminate\Database\Connectors\MySqlConnector->connect(Array)
#3 C:\wamp\www\pharma\vendor\laravel\framework\src\Illuminate\Database\Connectors\ConnectionFactory.php(46): Illuminate\Database\Connectors\ConnectionFactory->createSingleConnection(Array)
#4 C:\wamp\www\pharma\vendor\laravel\framework\src\Illuminate\Database\DatabaseManager.php(176): Illuminate\Database\Connectors\ConnectionFactory->make(Array, 'mysql')
#5 C:\wamp\www\pharma\vendor\laravel\framework\src\Illuminate\Database\DatabaseManager.php(64): Illuminate\Database\DatabaseManager->makeConnection('mysql')
#6 C:\wamp\www\pharma\vendor\laravel\framework\src\Illuminate\Database\DatabaseManager.php(321): Illuminate\Database\DatabaseManager->connection()
#7 C:\wamp\www\pharma\vendor\laravel\framework\src\Illuminate\Support\Facades\Facade.php(211): Illuminate\Database\DatabaseManager->__call('select', Array)
#8 C:\wamp\www\pharma\vendor\laravel\framework\src\Illuminate\Support\Facades\Facade.php(211): Illuminate\Database\DatabaseManager->select('SELECT Month(cr...', Array)
#9 C:\wamp\www\pharma\app\controllers\HomeController.php(67): Illuminate\Support\Facades\Facade::__callStatic('select', Array)
#10 C:\wamp\www\pharma\app\controllers\HomeController.php(67): Illuminate\Support\Facades\DB::select('SELECT Month(cr...', Array)
#11 [internal function]: HomeController->stat('2015')
#12 C:\wamp\www\pharma\vendor\laravel\framework\src\Illuminate\Routing\Controller.php(231): call_user_func_array(Array, Array)
#13 C:\wamp\www\pharma\vendor\laravel\framework\src\Illuminate\Routing\ControllerDispatcher.php(93): Illuminate\Routing\Controller->callAction('stat', Array)
#14 C:\wamp\www\pharma\vendor\laravel\framework\src\Illuminate\Routing\ControllerDispatcher.php(62): Illuminate\Routing\ControllerDispatcher->call(Object(HomeController), Object(Illuminate\Routing\Route), 'stat')
#15 C:\wamp\www\pharma\vendor\laravel\framework\src\Illuminate\Routing\Router.php(962): Illuminate\Routing\ControllerDispatcher->dispatch(Object(Illuminate\Routing\Route), Object(Illuminate\Http\Request), 'HomeController', 'stat')
#16 [internal function]: Illuminate\Routing\Router->Illuminate\Routing\{closure}('2015')
#17 C:\wamp\www\pharma\vendor\laravel\framework\src\Illuminate\Routing\Route.php(109): call_user_func_array(Object(Closure), Array)
#18 C:\wamp\www\pharma\vendor\laravel\framework\src\Illuminate\Routing\Router.php(1028): Illuminate\Routing\Route->run(Object(Illuminate\Http\Request))
#19 C:\wamp\www\pharma\vendor\laravel\framework\src\Illuminate\Routing\Router.php(996): Illuminate\Routing\Router->dispatchToRoute(Object(Illuminate\Http\Request))
#20 C:\wamp\www\pharma\vendor\laravel\framework\src\Illuminate\Foundation\Application.php(775): Illuminate\Routing\Router->dispatch(Object(Illuminate\Http\Request))
#21 C:\wamp\www\pharma\vendor\laravel\framework\src\Illuminate\Foundation\Application.php(745): Illuminate\Foundation\Application->dispatch(Object(Illuminate\Http\Request))
#22 C:\wamp\www\pharma\vendor\laravel\framework\src\Illuminate\Session\Middleware.php(72): Illuminate\Foundation\Application->handle(Object(Illuminate\Http\Request), 1, true)
#23 C:\wamp\www\pharma\vendor\laravel\framework\src\Illuminate\Cookie\Queue.php(47): Illuminate\Session\Middleware->handle(Object(Illuminate\Http\Request), 1, true)
#24 C:\wamp\www\pharma\vendor\laravel\framework\src\Illuminate\Cookie\Guard.php(51): Illuminate\Cookie\Queue->handle(Object(Illuminate\Http\Request), 1, true)
#25 C:\wamp\www\pharma\vendor\stack\builder\src\Stack\StackedHttpKernel.php(23): Illuminate\Cookie\Guard->handle(Object(Illuminate\Http\Request), 1, true)
#26 C:\wamp\www\pharma\vendor\laravel\framework\src\Illuminate\Foundation\Application.php(641): Stack\StackedHttpKernel->handle(Object(Illuminate\Http\Request))
#27 C:\wamp\www\pharma\public\index.php(49): Illuminate\Foundation\Application->run()
#28 {main} [] []
[2015-11-15 10:36:39] production.ERROR: exception 'PDOException' with message 'SQLSTATE[HY000] [1045] Access denied for user 'root'@'localhost' (using password: YES)' in C:\wamp\www\pharma\vendor\laravel\framework\src\Illuminate\Database\Connectors\Connector.php:47
Stack trace:
#0 C:\wamp\www\pharma\vendor\laravel\framework\src\Illuminate\Database\Connectors\Connector.php(47): PDO->__construct('mysql:host=loca...', 'root', 'saifz520', Array)
#1 C:\wamp\www\pharma\vendor\laravel\framework\src\Illuminate\Database\Connectors\MySqlConnector.php(20): Illuminate\Database\Connectors\Connector->createConnection('mysql:host=loca...', Array, Array)
#2 C:\wamp\www\pharma\vendor\laravel\framework\src\Illuminate\Database\Connectors\ConnectionFactory.php(57): Illuminate\Database\Connectors\MySqlConnector->connect(Array)
#3 C:\wamp\www\pharma\vendor\laravel\framework\src\Illuminate\Database\Connectors\ConnectionFactory.php(46): Illuminate\Database\Connectors\ConnectionFactory->createSingleConnection(Array)
#4 C:\wamp\www\pharma\vendor\laravel\framework\src\Illuminate\Database\DatabaseManager.php(176): Illuminate\Database\Connectors\ConnectionFactory->make(Array, 'mysql')
#5 C:\wamp\www\pharma\vendor\laravel\framework\src\Illuminate\Database\DatabaseManager.php(64): Illuminate\Database\DatabaseManager->makeConnection('mysql')
#6 C:\wamp\www\pharma\vendor\laravel\framework\src\Illuminate\Database\Migrations\DatabaseMigrationRepository.php(167): Illuminate\Database\DatabaseManager->connection(NULL)
#7 C:\wamp\www\pharma\vendor\laravel\framework\src\Illuminate\Database\Migrations\DatabaseMigrationRepository.php(135): Illuminate\Database\Migrations\DatabaseMigrationRepository->getConnection()
#8 C:\wamp\www\pharma\vendor\laravel\framework\src\Illuminate\Database\Migrations\Migrator.php(371): Illuminate\Database\Migrations\DatabaseMigrationRepository->repositoryExists()
#9 C:\wamp\www\pharma\vendor\laravel\framework\src\Illuminate\Database\Console\Migrations\MigrateCommand.php(98): Illuminate\Database\Migrations\Migrator->repositoryExists()
#10 C:\wamp\www\pharma\vendor\laravel\framework\src\Illuminate\Database\Console\Migrations\MigrateCommand.php(61): Illuminate\Database\Console\Migrations\MigrateCommand->prepareDatabase()
#11 C:\wamp\www\pharma\vendor\laravel\framework\src\Illuminate\Console\Command.php(112): Illuminate\Database\Console\Migrations\MigrateCommand->fire()
#12 C:\wamp\www\pharma\vendor\symfony\console\Symfony\Component\Console\Command\Command.php(252): Illuminate\Console\Command->execute(Object(Symfony\Component\Console\Input\ArgvInput), Object(Symfony\Component\Console\Output\ConsoleOutput))
#13 C:\wamp\www\pharma\vendor\laravel\framework\src\Illuminate\Console\Command.php(100): Symfony\Component\Console\Command\Command->run(Object(Symfony\Component\Console\Input\ArgvInput), Object(Symfony\Component\Console\Output\ConsoleOutput))
#14 C:\wamp\www\pharma\vendor\symfony\console\Symfony\Component\Console\Application.php(889): Illuminate\Console\Command->run(Object(Symfony\Component\Console\Input\ArgvInput), Object(Symfony\Component\Console\Output\ConsoleOutput))
#15 C:\wamp\www\pharma\vendor\symfony\console\Symfony\Component\Console\Application.php(193): Symfony\Component\Console\Application->doRunCommand(Object(Illuminate\Database\Console\Migrations\MigrateCommand), Object(Symfony\Component\Console\Input\ArgvInput), Object(Symfony\Component\Console\Output\ConsoleOutput))
#16 C:\wamp\www\pharma\vendor\symfony\console\Symfony\Component\Console\Application.php(124): Symfony\Component\Console\Application->doRun(Object(Symfony\Component\Console\Input\ArgvInput), Object(Symfony\Component\Console\Output\ConsoleOutput))
#17 C:\wamp\www\pharma\artisan(59): Symfony\Component\Console\Application->run()
#18 {main} [] []
